<?xml version="1.0" encoding="UTF-8"?>
<!-- Generated by org.testng.reporters.JUnitReportReporter -->
<testsuite skipped="0" hostname="LAPTOP-G6RP46LV" name="RestAssured2.RestAssured2.Test1" tests="1" failures="0" timestamp="13 Mar 2019 11:49:29 GMT" time="2.285" errors="0">
  <testcase name="GetWeatherHeaders" time="2.285" classname="RestAssured2.RestAssured2.Test1"/>
</testsuite> <!-- RestAssured2.RestAssured2.Test1 -->
